<?xml version="1.0" encoding="UTF-8"?>
<!-- Generated by org.testng.reporters.JUnitXMLReporter -->
<testsuite ignored="0" hostname="FJOSEBAB1" failures="0" tests="2" name="Default test" time="0.417" errors="0" timestamp="2025-01-10T20:54:07 IST">
  <testcase classname="com.thetestingacademy.ATB9xSeleniumAdavanceFramework.Tests.Sample.TestSample" name="testSample0" time="0.128"/>
  <testcase classname="com.thetestingacademy.ATB9xSeleniumAdavanceFramework.Tests.Sample.TestSample" name="testSample1" time="0.011"/>
</testsuite> <!-- Default test -->
