<?xml version="1.0" encoding="UTF-8"?>
<!-- Generated by org.testng.reporters.JUnitXMLReporter -->
<testsuite ignored="0" hostname="FJOSEBAB1" failures="0" tests="2" name="Default test" time="71.839" errors="0" timestamp="2025-01-25T19:09:23 IST">
  <testcase classname="com.thetestingacademy.ATB9xSeleniumAdavanceFramework.Tests.vwoTestCases.PageFactory.TestVWOLogin_06_Improved_POM_PropertiesReader_DriverManager" name="testLoginNegativeVWO" time="23.184"/>
  <testcase classname="com.thetestingacademy.ATB9xSeleniumAdavanceFramework.Tests.vwoTestCases.PageFactory.TestVWOLogin_06_Improved_POM_PropertiesReader_DriverManager" name="testLoginPositiveVWO" time="40.809"/>
</testsuite> <!-- Default test -->
