<?xml version="1.0" encoding="UTF-8"?>
<testng-results ignored="0" total="1" passed="1" failed="0" skipped="0">
  <reporter-output>
  </reporter-output>
  <suite started-at="2025-01-26T17:11:01 IST" name="All Test Suite" finished-at="2025-01-26T17:11:28 IST" duration-ms="27690">
    <groups>
    </groups>
    <test started-at="2025-01-26T17:11:01 IST" name="ATB9xSeleniumAdvanceFramework" finished-at="2025-01-26T17:11:28 IST" duration-ms="27690">
      <class name="com.thetestingacademy.ATB9xSeleniumAdavanceFramework.Tests.vwoTestCases.PageFactory.TestVWOLogin_PF">
        <test-method is-config="true" signature="setUp()[pri:0, instance:com.thetestingacademy.ATB9xSeleniumAdavanceFramework.Tests.vwoTestCases.PageFactory.TestVWOLogin_PF@1f2f9244]" started-at="2025-01-26T17:11:01 IST" name="setUp" finished-at="2025-01-26T17:11:06 IST" duration-ms="5399" status="PASS">
          <reporter-output>
          </reporter-output>
        </test-method> <!-- setUp -->
        <test-method signature="testLoginNegativeVWO_PF()[pri:0, instance:com.thetestingacademy.ATB9xSeleniumAdavanceFramework.Tests.vwoTestCases.PageFactory.TestVWOLogin_PF@1f2f9244]" started-at="2025-01-26T17:11:06 IST" name="testLoginNegativeVWO_PF" finished-at="2025-01-26T17:11:27 IST" duration-ms="20343" status="PASS">
          <reporter-output>
          </reporter-output>
        </test-method> <!-- testLoginNegativeVWO_PF -->
        <test-method is-config="true" signature="tearDown()[pri:0, instance:com.thetestingacademy.ATB9xSeleniumAdavanceFramework.Tests.vwoTestCases.PageFactory.TestVWOLogin_PF@1f2f9244]" started-at="2025-01-26T17:11:27 IST" name="tearDown" finished-at="2025-01-26T17:11:28 IST" duration-ms="1638" status="PASS">
          <reporter-output>
          </reporter-output>
        </test-method> <!-- tearDown -->
      </class> <!-- com.thetestingacademy.ATB9xSeleniumAdavanceFramework.Tests.vwoTestCases.PageFactory.TestVWOLogin_PF -->
    </test> <!-- ATB9xSeleniumAdvanceFramework -->
  </suite> <!-- All Test Suite -->
</testng-results>
